Updating package lists...

WARNING: apt does not have a stable CLI interface. Use with caution in scripts.

Get:1 https://nvidia.github.io/libnvidia-container/stable/deb/amd64  InRelease [1,477 B]
Hit:2 http://security.ubuntu.com/ubuntu jammy-security InRelease
Hit:3 https://download.docker.com/linux/ubuntu jammy InRelease
Hit:5 http://us.archive.ubuntu.com/ubuntu jammy InRelease
Hit:6 http://us.archive.ubuntu.com/ubuntu jammy-updates InRelease
Hit:7 http://us.archive.ubuntu.com/ubuntu jammy-backports InRelease
Ign:4 https://packages.cloud.google.com/apt kubernetes-xenial InRelease
Err:8 https://packages.cloud.google.com/apt kubernetes-xenial Release
  404  Not Found [IP: 142.250.69.238 443]
Hit:9 http://archive.lambdalabs.com/ubuntu jammy InRelease
Reading package lists...
E: The repository 'https://apt.kubernetes.io kubernetes-xenial Release' does not have a Release file.
Performing a distribution upgrade...

WARNING: apt does not have a stable CLI interface. Use with caution in scripts.

Reading package lists...
Building dependency tree...
Reading state information...
Calculating upgrade...
Get more security updates through Ubuntu Pro with 'esm-apps' enabled:
  python3-jupyter-core libheif1 jupyter libjs-jquery-ui libopenexr25
  python3-scipy libavcodec58 traceroute jupyter-core libavutil56 libswscale5
  libswresample3 libavformat58 libde265-0 libpmix2
Learn more about Ubuntu Pro at https://ubuntu.com/pro
The following packages have been kept back:
  libnvidia-cfg1-550 libnvidia-common-550 libnvidia-compute-550
  libnvidia-decode-550 libnvidia-encode-550 libnvidia-extra-550
  libnvidia-fbc1-550 libnvidia-gl-550 nvidia-compute-utils-550 nvidia-dkms-550
  nvidia-driver-550 nvidia-kernel-common-550 nvidia-kernel-source-550
  nvidia-utils-550 xserver-xorg-video-nvidia-550
0 upgraded, 0 newly installed, 0 to remove and 15 not upgraded.
Installing net-tools...

WARNING: apt does not have a stable CLI interface. Use with caution in scripts.

Reading package lists...
Building dependency tree...
Reading state information...
net-tools is already the newest version (1.60+git20181103.0eebece-1ubuntu5).
0 upgraded, 0 newly installed, 0 to remove and 15 not upgraded.
Turning off swap...
Disabling swap in /etc/fstab if not already disabled...
Swap has been disabled and removed from fstab.
Loading overlay and br_netfilter kernel modules...
Ensuring overlay and br_netfilter are loaded on boot...
overlay
br_netfilter
Kernel modules loaded and configured to load on boot.
Setting up iptables for Kubernetes networking...
net.bridge.bridge-nf-call-iptables  = 1
net.bridge.bridge-nf-call-ip6tables = 1
net.ipv4.ip_forward                 = 1
Applying sysctl settings...
* Applying /etc/sysctl.d/10-console-messages.conf ...
kernel.printk = 4 4 1 7
* Applying /etc/sysctl.d/10-ipv6-privacy.conf ...
net.ipv6.conf.all.use_tempaddr = 2
net.ipv6.conf.default.use_tempaddr = 2
* Applying /etc/sysctl.d/10-kernel-hardening.conf ...
kernel.kptr_restrict = 1
* Applying /etc/sysctl.d/10-magic-sysrq.conf ...
kernel.sysrq = 176
* Applying /etc/sysctl.d/10-network-security.conf ...
net.ipv4.conf.default.rp_filter = 2
net.ipv4.conf.all.rp_filter = 2
* Applying /etc/sysctl.d/10-ptrace.conf ...
kernel.yama.ptrace_scope = 1
* Applying /etc/sysctl.d/10-zeropage.conf ...
vm.mmap_min_addr = 65536
* Applying /usr/lib/sysctl.d/30-tracker.conf ...
fs.inotify.max_user_watches = 65536
* Applying /usr/lib/sysctl.d/50-bubblewrap.conf ...
kernel.unprivileged_userns_clone = 1
* Applying /usr/lib/sysctl.d/50-default.conf ...
kernel.core_uses_pid = 1
net.ipv4.conf.default.rp_filter = 2
net.ipv4.conf.default.accept_source_route = 0
sysctl: setting key "net.ipv4.conf.all.accept_source_route": Invalid argument
net.ipv4.conf.default.promote_secondaries = 1
sysctl: setting key "net.ipv4.conf.all.promote_secondaries": Invalid argument
net.ipv4.ping_group_range = 0 2147483647
net.core.default_qdisc = fq_codel
fs.protected_hardlinks = 1
fs.protected_symlinks = 1
fs.protected_regular = 1
fs.protected_fifos = 1
* Applying /usr/lib/sysctl.d/50-pid-max.conf ...
kernel.pid_max = 4194304
* Applying /usr/lib/sysctl.d/99-protect-links.conf ...
fs.protected_fifos = 1
fs.protected_hardlinks = 1
fs.protected_regular = 2
fs.protected_symlinks = 1
* Applying /etc/sysctl.d/99-sysctl.conf ...
fs.inotify.max_user_instances = 1280
fs.inotify.max_user_watches = 655360
* Applying /etc/sysctl.d/k8s.conf ...
net.bridge.bridge-nf-call-iptables = 1
net.bridge.bridge-nf-call-ip6tables = 1
net.ipv4.ip_forward = 1
* Applying /etc/sysctl.conf ...
fs.inotify.max_user_instances = 1280
fs.inotify.max_user_watches = 655360
