./scripts/helm.sh: line 1: ../config.sh: No such file or directory
Installing Helm...
Helm v3.16.1 is already latest
Helm installation complete.
Adding Helm repositories for JupyterHub and NVIDIA device plugin...
JupyterHub Helm repository already exists, skipping...
NVIDIA device plugin Helm repository already exists, skipping...
Hang tight while we grab the latest from your chart repositories...
...Successfully got an update from the "nvdp" chart repository
...Successfully got an update from the "metallb" chart repository
...Successfully got an update from the "nvidia" chart repository
...Successfully got an update from the "jupyterhub" chart repository
Update Complete. ⎈Happy Helming!⎈
Helm repositories added and updated.
Installing JupyterHub with Helm using config.yaml...
Release "jupyterhub" does not exist. Installing it now.
Error: open config.yaml: no such file or directory
Patching the JupyterHub proxy service to use a LoadBalancer...
Error from server (NotFound): services "proxy-public" not found
Adding NVIDIA Helm repository for GPU Operator...
"nvidia" already exists with the same configuration, skipping
Hang tight while we grab the latest from your chart repositories...
...Successfully got an update from the "nvdp" chart repository
...Successfully got an update from the "metallb" chart repository
...Successfully got an update from the "nvidia" chart repository
...Successfully got an update from the "jupyterhub" chart repository
Update Complete. ⎈Happy Helming!⎈
Installing NVIDIA GPU Operator with custom configuration...
W1010 13:58:57.573030  832730 warnings.go:70] spec.template.spec.affinity.nodeAffinity.preferredDuringSchedulingIgnoredDuringExecution[0].preference.matchExpressions[0].key: node-role.kubernetes.io/master is use "node-role.kubernetes.io/control-plane" instead
W1010 13:58:57.573051  832730 warnings.go:70] spec.template.spec.affinity.nodeAffinity.preferredDuringSchedulingIgnoredDuringExecution[0].preference.matchExpressions[0].key: node-role.kubernetes.io/master is use "node-role.kubernetes.io/control-plane" instead
NAME: gpu-operator
LAST DEPLOYED: Thu Oct 10 13:58:57 2024
NAMESPACE: gpu-operator
STATUS: deployed
REVISION: 1
TEST SUITE: None
NVIDIA GPU Operator installation complete.
JupyterHub setup complete.
