Installing Kubernetes (kubelet, kubeadm, kubectl)...

WARNING: apt does not have a stable CLI interface. Use with caution in scripts.

Reading package lists...
Building dependency tree...
Reading state information...
ca-certificates is already the newest version (20240203~22.04.1).
curl is already the newest version (7.81.0-1ubuntu1.18).
apt-transport-https is already the newest version (2.4.13).
0 upgraded, 0 newly installed, 0 to remove and 17 not upgraded.
deb [signed-by=/usr/share/keyrings/kubernetes-archive-keyring.gpg] https://apt.kubernetes.io/ kubernetes-xenial main

WARNING: apt does not have a stable CLI interface. Use with caution in scripts.

Hit:1 https://download.docker.com/linux/ubuntu jammy InRelease
Hit:2 https://nvidia.github.io/libnvidia-container/stable/deb/amd64  InRelease
Hit:4 http://us.archive.ubuntu.com/ubuntu jammy InRelease
Hit:5 http://security.ubuntu.com/ubuntu jammy-security InRelease
Hit:6 http://archive.lambdalabs.com/ubuntu jammy InRelease
Hit:7 http://us.archive.ubuntu.com/ubuntu jammy-updates InRelease
Hit:8 http://us.archive.ubuntu.com/ubuntu jammy-backports InRelease
Ign:3 https://packages.cloud.google.com/apt kubernetes-xenial InRelease
Err:9 https://packages.cloud.google.com/apt kubernetes-xenial Release
  404  Not Found [IP: 142.250.69.238 443]
Reading package lists...
E: The repository 'https://apt.kubernetes.io kubernetes-xenial Release' does not have a Release file.
Installing kubelet, kubeadm, and kubectl...

WARNING: apt does not have a stable CLI interface. Use with caution in scripts.

Reading package lists...
Building dependency tree...
Reading state information...
kubeadm is already the newest version (1.31.1-1.1).
kubectl is already the newest version (1.31.1-1.1).
kubelet is already the newest version (1.31.1-1.1).
0 upgraded, 0 newly installed, 0 to remove and 17 not upgraded.
kubelet was already set on hold.
kubeadm was already set on hold.
kubectl was already set on hold.
Kubernetes installation complete.
